<?xml version="1.0" encoding="UTF-8"?>
<!-- Generated by org.testng.reporters.JUnitXMLReporter -->
<testsuite hostname="SATWIKs-Air" ignored="0" name="MyntraTest" tests="1" failures="1" timestamp="23 Dec 2017 16:03:30 GMT" time="6.887" errors="0">
  <testcase name="registrationmethod" time="0.007" classname="com.Automation.Script.Registration">
    <failure type="java.lang.NullPointerException">
      <![CDATA[java.lang.NullPointerException
	at com.Automation.Script.Registration.registrationmethod(Registration.java:18)
... Removed 25 stack frames]]>
    </failure>
  </testcase> <!-- registrationmethod -->
</testsuite> <!-- MyntraTest -->
