<?xml version="1.0" encoding="UTF-8"?>
<testng-results skipped="0" failed="0" ignored="0" total="1" passed="1">
  <reporter-output>
  </reporter-output>
  <suite name="Default suite" duration-ms="8853" started-at="2018-01-27T18:22:38Z" finished-at="2018-01-27T18:22:47Z">
    <groups>
    </groups>
    <test name="Default test" duration-ms="8853" started-at="2018-01-27T18:22:38Z" finished-at="2018-01-27T18:22:47Z">
      <class name="com.Automation.Script.Registration">
        <test-method status="PASS" signature="launchApp()[pri:0, instance:com.Automation.Script.Registration@464bee09]" name="launchApp" is-config="true" duration-ms="5923" started-at="2018-01-27T23:52:38Z" finished-at="2018-01-27T23:52:44Z">
          <reporter-output>
          </reporter-output>
        </test-method> <!-- launchApp -->
        <test-method status="PASS" signature="registrationmethod()[pri:0, instance:com.Automation.Script.Registration@464bee09]" name="registrationmethod" duration-ms="2327" started-at="2018-01-27T23:52:44Z" finished-at="2018-01-27T23:52:46Z">
          <reporter-output>
          </reporter-output>
        </test-method> <!-- registrationmethod -->
        <test-method status="PASS" signature="End()[pri:0, instance:com.Automation.Script.Registration@464bee09]" name="End" is-config="true" duration-ms="586" started-at="2018-01-27T23:52:46Z" finished-at="2018-01-27T23:52:47Z">
          <reporter-output>
          </reporter-output>
        </test-method> <!-- End -->
      </class> <!-- com.Automation.Script.Registration -->
    </test> <!-- Default test -->
  </suite> <!-- Default suite -->
</testng-results>
